\BOOKMARK [0][-]{chapter*.4}{Inhaltsverzeichnis}{}% 1
\BOOKMARK [0][-]{chapter*.5}{Abk\374rzungsverzeichnis}{}% 2
\BOOKMARK [0][-]{chapter*.6}{Abbildungsverzeichnis}{}% 3
\BOOKMARK [0][-]{chapter*.7}{Tabellenverzeichnis}{}% 4
\BOOKMARK [0][-]{chapter*.8}{Listingverzeichnis}{}% 5
\BOOKMARK [0][-]{chapter.1}{Einleitung}{}% 6
\BOOKMARK [1][-]{section.1.1}{Motivation}{chapter.1}% 7
\BOOKMARK [1][-]{section.1.2}{Zielsetzung}{chapter.1}% 8
\BOOKMARK [1][-]{section.1.3}{Anmerkung}{chapter.1}% 9
\BOOKMARK [0][-]{chapter.2}{OpenNES Smart OS}{}% 10
\BOOKMARK [1][-]{section.2.1}{Grundkonzept}{chapter.2}% 11
\BOOKMARK [1][-]{section.2.2}{Module}{chapter.2}% 12
\BOOKMARK [2][-]{subsection.2.2.1}{Basis Funktionen}{section.2.2}% 13
\BOOKMARK [2][-]{subsection.2.2.2}{Software Komponenten}{section.2.2}% 14
\BOOKMARK [2][-]{subsection.2.2.3}{Sicherheit}{section.2.2}% 15
\BOOKMARK [2][-]{subsection.2.2.4}{Virtual Bus}{section.2.2}% 16
\BOOKMARK [2][-]{subsection.2.2.5}{Connectivity Modul}{section.2.2}% 17
\BOOKMARK [2][-]{subsection.2.2.6}{Registrierung}{section.2.2}% 18
\BOOKMARK [1][-]{section.2.3}{ModBus Protokoll}{chapter.2}% 19
\BOOKMARK [2][-]{subsection.2.3.1}{\334bersicht}{section.2.3}% 20
\BOOKMARK [2][-]{subsection.2.3.2}{ModBus TCP/IP}{section.2.3}% 21
\BOOKMARK [0][-]{chapter.3}{Protokolladapter}{}% 22
\BOOKMARK [1][-]{section.3.1}{Problemstellung}{chapter.3}% 23
\BOOKMARK [1][-]{section.3.2}{Konzept}{chapter.3}% 24
\BOOKMARK [1][-]{section.3.3}{Rahmenbedingungen}{chapter.3}% 25
\BOOKMARK [1][-]{section.3.4}{Vorgehensweise}{chapter.3}% 26
\BOOKMARK [0][-]{chapter.4}{Implementierung}{}% 27
\BOOKMARK [1][-]{section.4.1}{Voraussetzungen}{chapter.4}% 28
\BOOKMARK [2][-]{subsection.4.1.1}{Bestehende Standards}{section.4.1}% 29
\BOOKMARK [2][-]{subsection.4.1.2}{Ausgew\344hlter Standard}{section.4.1}% 30
\BOOKMARK [2][-]{subsection.4.1.3}{Ausgew\344hlte Programmiersprache und IDE System}{section.4.1}% 31
\BOOKMARK [2][-]{subsection.4.1.4}{Virtual Maschine Management}{section.4.1}% 32
\BOOKMARK [1][-]{section.4.2}{SunSpec}{chapter.4}% 33
\BOOKMARK [2][-]{subsection.4.2.1}{\334bersicht}{section.4.2}% 34
\BOOKMARK [2][-]{subsection.4.2.2}{Register Mapping}{section.4.2}% 35
\BOOKMARK [1][-]{section.4.3}{Address Mapping}{chapter.4}% 36
\BOOKMARK [2][-]{subsection.4.3.1}{Push 1:1}{section.4.3}% 37
\BOOKMARK [2][-]{subsection.4.3.2}{Push 1:N}{section.4.3}% 38
\BOOKMARK [2][-]{subsection.4.3.3}{Publish/Subscribe}{section.4.3}% 39
\BOOKMARK [2][-]{subsection.4.3.4}{Request Response}{section.4.3}% 40
\BOOKMARK [0][-]{chapter.5}{Test}{}% 41
\BOOKMARK [1][-]{section.5.1}{Verwendete Komponenten}{chapter.5}% 42
\BOOKMARK [1][-]{section.5.2}{Durchf\374hrung}{chapter.5}% 43
\BOOKMARK [1][-]{section.5.3}{Diskussion der Ergebnisse}{chapter.5}% 44
\BOOKMARK [1][-]{section.5.4}{Zusammenfassendes Fazit}{chapter.5}% 45
